nohup: ignoring input
[0mGET / [36m304 [0m5.509 ms - -[0m
[0mGET /javascripts/app.js [36m304 [0m1.330 ms - -[0m
[0mGET /stylesheets/style.css [36m304 [0m0.572 ms - -[0m
[0mGET /demo/demo_default.css [36m304 [0m0.565 ms - -[0m
[0mGET /javascripts/snowstorm.js [33m404 [0m286.859 ms - 2010[0m
[0mGET /lights/soundmanager2-nodebug-jsmin.js [36m304 [0m0.471 ms - -[0m
[0mGET /lights/christmaslights.js [36m304 [0m0.505 ms - -[0m
[0mGET /dance.gif [36m304 [0m0.701 ms - -[0m
[0mGET /giphy.gif [36m304 [0m0.196 ms - -[0m
[0mGET /comments [36m304 [0m17.428 ms - -[0m
[0mGET /lights/sound/glass0.mp3 [36m304 [0m0.305 ms - -[0m
[0mGET /lights/sound/glass1.mp3 [36m304 [0m1.467 ms - -[0m
[0mGET /lights/sound/glass2.mp3 [36m304 [0m1.701 ms - -[0m
[0mGET /lights/sound/glass3.mp3 [36m304 [0m1.569 ms - -[0m
[0mGET /lights/sound/glass4.mp3 [36m304 [0m0.175 ms - -[0m
[0mGET /lights/sound/glass5.mp3 [36m304 [0m0.185 ms - -[0m
[0mGET /lights/image/bulbs-32x32-top.png [36m304 [0m0.222 ms - -[0m
[0mGET /Petalart-Christmas-Cookie-Christmas-cookie-tree.ico [32m200 [0m2.536 ms - 226425[0m
[0mGET / [36m304 [0m0.411 ms - -[0m
[0mGET /javascripts/app.js [36m304 [0m0.414 ms - -[0m
[0mGET /stylesheets/style.css [36m304 [0m0.192 ms - -[0m
[0mGET /demo/demo_default.css [36m304 [0m0.281 ms - -[0m
[0mGET /javascripts/snowstorm.js [33m404 [0m40.116 ms - 2010[0m
[0mGET /lights/soundmanager2-nodebug-jsmin.js [36m304 [0m0.433 ms - -[0m
[0mGET /lights/christmaslights.js [36m304 [0m0.435 ms - -[0m
[0mGET /dance.gif [36m304 [0m0.249 ms - -[0m
[0mGET /javascripts/snowstorm.js [33m404 [0m36.389 ms - 2010[0m
[0mGET /giphy.gif [36m304 [0m0.579 ms - -[0m
[0mGET /comments [36m304 [0m3.027 ms - -[0m
[0mGET /lights/image/bulbs-32x32-top.png [36m304 [0m0.385 ms - -[0m
[0mGET /lights/image/bulbs-50x50-fragments.png [36m304 [0m0.576 ms - -[0m
[0mGET /Petalart-Christmas-Cookie-Christmas-cookie-tree.ico [32m200 [0m0.938 ms - 226425[0m
[0mGET / [36m304 [0m1.095 ms - -[0m
[0mGET /javascripts/app.js [36m304 [0m0.594 ms - -[0m
[0mGET /stylesheets/style.css [36m304 [0m0.426 ms - -[0m
[0mGET /demo/demo_default.css [36m304 [0m0.238 ms - -[0m
[0mGET /lights/soundmanager2-nodebug-jsmin.js [36m304 [0m0.538 ms - -[0m
[0mGET /javascripts/snowstorm.js [33m404 [0m38.186 ms - 2010[0m
[0mGET /lights/christmaslights.js [36m304 [0m0.252 ms - -[0m
[0mGET /dance.gif [36m304 [0m0.282 ms - -[0m
[0mGET /giphy.gif [36m304 [0m0.302 ms - -[0m
[0mGET /javascripts/snowstorm.js [33m404 [0m36.074 ms - 2010[0m
[0mGET /comments [36m304 [0m3.029 ms - -[0m
[0mGET /lights/image/bulbs-32x32-top.png [36m304 [0m0.368 ms - -[0m
[0mGET /lights/sound/glass0.mp3 [36m304 [0m0.319 ms - -[0m
[0mGET /lights/sound/glass1.mp3 [36m304 [0m0.941 ms - -[0m
[0mGET /lights/sound/glass2.mp3 [36m304 [0m0.218 ms - -[0m
[0mGET /lights/sound/glass3.mp3 [36m304 [0m0.201 ms - -[0m
[0mGET /lights/sound/glass4.mp3 [36m304 [0m0.174 ms - -[0m
[0mGET /lights/sound/glass5.mp3 [36m304 [0m0.231 ms - -[0m
[0mGET /lights/image/bulbs-50x50-fragments.png [36m304 [0m0.313 ms - -[0m
[0mGET / [32m206 [0m1.338 ms - 1748[0m
[0mGET /dance.gif [32m206 [0m0.926 ms - 9000[0m
[0mGET /giphy.gif [32m206 [0m0.480 ms - 9000[0m
[0mGET /dance.gif [32m200 [0m0.505 ms - 331194[0m
[0mGET /giphy.gif [32m200 [0m1.922 ms - 609642[0m
[0mGET /dance.gif [32m200 [0m0.447 ms - 331194[0m
[0mGET /dance.gif [32m200 [0m0.480 ms - 331194[0m
[0mGET /dance.gif [32m200 [0m0.485 ms - 331194[0m
[0mGET / [36m304 [0m0.293 ms - -[0m
[0mGET /javascripts/app.js [36m304 [0m1.011 ms - -[0m
[0mGET /stylesheets/style.css [36m304 [0m0.190 ms - -[0m
[0mGET /demo/demo_default.css [36m304 [0m0.184 ms - -[0m
[0mGET /javascripts/snowstorm.js [33m404 [0m41.837 ms - 2010[0m
[0mGET /lights/soundmanager2-nodebug-jsmin.js [36m304 [0m0.851 ms - -[0m
[0mGET /lights/christmaslights.js [36m304 [0m1.608 ms - -[0m
[0mGET /dance.gif [36m304 [0m0.279 ms - -[0m
[0mGET /giphy.gif [36m304 [0m0.238 ms - -[0m
[0mGET /javascripts/snowstorm.js [33m404 [0m14.020 ms - 2010[0m
[0mGET /comments [36m304 [0m1.659 ms - -[0m
[0mGET /lights/image/bulbs-32x32-top.png [36m304 [0m0.187 ms - -[0m
[0mGET /lights/sound/glass0.mp3 [36m304 [0m0.194 ms - -[0m
[0mGET /lights/sound/glass1.mp3 [36m304 [0m0.172 ms - -[0m
[0mGET /lights/sound/glass2.mp3 [36m304 [0m0.174 ms - -[0m
[0mGET /lights/sound/glass3.mp3 [36m304 [0m0.175 ms - -[0m
[0mGET /lights/sound/glass4.mp3 [36m304 [0m0.270 ms - -[0m
[0mGET /lights/sound/glass5.mp3 [36m304 [0m0.241 ms - -[0m
[0mGET /Petalart-Christmas-Cookie-Christmas-cookie-tree.ico [32m200 [0m0.487 ms - 226425[0m
[0mGET /lights/image/bulbs-50x50-fragments.png [36m304 [0m0.303 ms - -[0m
[0mGET / [36m304 [0m0.305 ms - -[0m
[0mGET /javascripts/app.js [36m304 [0m1.116 ms - -[0m
[0mGET /stylesheets/style.css [36m304 [0m1.113 ms - -[0m
[0mGET /demo/demo_default.css [36m304 [0m0.726 ms - -[0m
[0mGET /javascripts/snowstorm.js [33m404 [0m7.505 ms - 2010[0m
[0mGET /lights/soundmanager2-nodebug-jsmin.js [36m304 [0m7.534 ms - -[0m
[0mGET /lights/christmaslights.js [36m304 [0m0.224 ms - -[0m
[0mGET /dance.gif [36m304 [0m2.339 ms - -[0m
[0mGET /giphy.gif [36m304 [0m0.259 ms - -[0m
[0mGET /javascripts/snowstorm.js [33m404 [0m10.529 ms - 2010[0m
[0mGET /comments [32m200 [0m2.359 ms - 104[0m
[0mGET /lights/sound/glass0.mp3 [36m304 [0m0.203 ms - -[0m
[0mGET /lights/sound/glass1.mp3 [36m304 [0m0.558 ms - -[0m
[0mGET /lights/sound/glass2.mp3 [36m304 [0m0.163 ms - -[0m
[0mGET /lights/sound/glass3.mp3 [36m304 [0m0.357 ms - -[0m
[0mGET /lights/sound/glass4.mp3 [36m304 [0m0.361 ms - -[0m
[0mGET /lights/image/bulbs-32x32-top.png [36m304 [0m0.219 ms - -[0m
[0mGET /lights/sound/glass5.mp3 [36m304 [0m0.173 ms - -[0m
[0mGET /Petalart-Christmas-Cookie-Christmas-cookie-tree.ico [32m200 [0m1.020 ms - 226425[0m
[0mGET /lights/image/bulbs-50x50-fragments.png [36m304 [0m0.765 ms - -[0m
[0mGET / [36m304 [0m0.323 ms - -[0m
[0mGET /javascripts/app.js [36m304 [0m0.768 ms - -[0m
[0mGET /stylesheets/style.css [36m304 [0m0.234 ms - -[0m
[0mGET /demo/demo_default.css [36m304 [0m1.890 ms - -[0m
[0mGET /javascripts/snowstorm.js [33m404 [0m11.770 ms - 2010[0m
[0mGET /lights/soundmanager2-nodebug-jsmin.js [36m304 [0m0.341 ms - -[0m
[0mGET /lights/christmaslights.js [36m304 [0m0.403 ms - -[0m
[0mGET /dance.gif [36m304 [0m0.222 ms - -[0m
[0mGET /giphy.gif [36m304 [0m0.225 ms - -[0m
[0mGET /javascripts/snowstorm.js [33m404 [0m7.593 ms - 2010[0m
[0mGET /comments [36m304 [0m2.189 ms - -[0m
[0mGET /lights/sound/glass0.mp3 [36m304 [0m0.627 ms - -[0m
[0mGET /lights/sound/glass1.mp3 [36m304 [0m0.732 ms - -[0m
[0mGET /lights/sound/glass3.mp3 [36m304 [0m0.741 ms - -[0m
[0mGET /lights/sound/glass2.mp3 [36m304 [0m0.749 ms - -[0m
[0mGET /lights/sound/glass4.mp3 [36m304 [0m0.744 ms - -[0m
[0mGET /lights/image/bulbs-32x32-top.png [36m304 [0m0.276 ms - -[0m
[0mGET /lights/sound/glass5.mp3 [36m304 [0m0.675 ms - -[0m
[0mGET /Petalart-Christmas-Cookie-Christmas-cookie-tree.ico [32m200 [0m2.010 ms - 226425[0m
[0mGET /lights/image/bulbs-50x50-fragments.png [36m304 [0m1.272 ms - -[0m
[0mGET /lights/sound/glass4.mp3 [36m304 [0m0.268 ms - -[0m
[0mGET / [36m304 [0m0.274 ms - -[0m
[0mGET /javascripts/app.js [36m304 [0m0.277 ms - -[0m
[0mGET /stylesheets/style.css [36m304 [0m0.167 ms - -[0m
[0mGET /demo/demo_default.css [36m304 [0m0.168 ms - -[0m
[0mGET /javascripts/snowstorm.js [33m404 [0m9.795 ms - 2010[0m
[0mGET /lights/soundmanager2-nodebug-jsmin.js [36m304 [0m0.358 ms - -[0m
[0mGET /lights/christmaslights.js [36m304 [0m0.379 ms - -[0m
[0mGET /dance.gif [36m304 [0m0.196 ms - -[0m
[0mGET /giphy.gif [36m304 [0m0.283 ms - -[0m
[0mGET /javascripts/snowstorm.js [33m404 [0m8.156 ms - 2010[0m
[0mGET /comments [36m304 [0m1.752 ms - -[0m
[0mGET /lights/sound/glass0.mp3 [36m304 [0m0.678 ms - -[0m
[0mGET /lights/sound/glass1.mp3 [36m304 [0m7.437 ms - -[0m
[0mGET /lights/sound/glass2.mp3 [36m304 [0m7.464 ms - -[0m
[0mGET /lights/sound/glass3.mp3 [36m304 [0m0.391 ms - -[0m
[0mGET /lights/sound/glass5.mp3 [36m304 [0m0.397 ms - -[0m
[0mGET /lights/image/bulbs-32x32-top.png [36m304 [0m0.478 ms - -[0m
[0mGET /lights/image/bulbs-50x50-fragments.png [36m304 [0m0.287 ms - -[0m
[0mGET /Petalart-Christmas-Cookie-Christmas-cookie-tree.ico [32m200 [0m14.779 ms - 226425[0m
[0mGET /lights/sound/glass0.mp3 [36m304 [0m0.740 ms - -[0m
[0mGET /lights/sound/glass4.mp3 [36m304 [0m0.288 ms - -[0m
[0mGET /lights/sound/glass0.mp3 [36m304 [0m0.296 ms - -[0m
[0mGET / [36m304 [0m0.384 ms - -[0m
[0mGET /javascripts/app.js [36m304 [0m0.524 ms - -[0m
[0mGET /stylesheets/style.css [36m304 [0m0.481 ms - -[0m
[0mGET /demo/demo_default.css [36m304 [0m0.156 ms - -[0m
[0mGET /javascripts/snowstorm.js [33m404 [0m12.711 ms - 2010[0m
[0mGET /lights/soundmanager2-nodebug-jsmin.js [36m304 [0m0.182 ms - -[0m
[0mGET /lights/christmaslights.js [36m304 [0m0.153 ms - -[0m
[0mGET /dance.gif [36m304 [0m0.273 ms - -[0m
[0mGET /giphy.gif [36m304 [0m0.248 ms - -[0m
[0mGET /javascripts/snowstorm.js [33m404 [0m8.165 ms - 2010[0m
[0mGET /comments [36m304 [0m3.101 ms - -[0m
[0mGET /lights/image/bulbs-32x32-top.png [36m304 [0m1.880 ms - -[0m
[0mGET /lights/sound/glass0.mp3 [36m304 [0m0.161 ms - -[0m
[0mGET /lights/sound/glass1.mp3 [36m304 [0m0.153 ms - -[0m
[0mGET /lights/sound/glass2.mp3 [36m304 [0m0.149 ms - -[0m
[0mGET /lights/sound/glass3.mp3 [36m304 [0m0.231 ms - -[0m
[0mGET /lights/sound/glass4.mp3 [36m304 [0m0.171 ms - -[0m
[0mGET /lights/sound/glass5.mp3 [36m304 [0m0.171 ms - -[0m
[0mGET /lights/image/bulbs-50x50-fragments.png [36m304 [0m0.249 ms - -[0m
[0mGET /Petalart-Christmas-Cookie-Christmas-cookie-tree.ico [32m200 [0m0.475 ms - 226425[0m
[0mGET /lights/sound/glass4.mp3 [36m304 [0m0.283 ms - -[0m
[0mGET / [32m200 [0m0.480 ms - 1748[0m
[0mGET /stylesheets/style.css [32m200 [0m0.471 ms - 782[0m
[0mGET /demo/demo_default.css [32m200 [0m0.556 ms - 2870[0m
[0mGET /javascripts/app.js [32m200 [0m0.530 ms - 1000[0m
[0mGET /javascripts/snowstorm.js [33m404 [0m8.719 ms - 2010[0m
[0mGET /lights/soundmanager2-nodebug-jsmin.js [32m200 [0m1.365 ms - 35442[0m
[0mGET /lights/christmaslights.js [32m200 [0m1.407 ms - 13577[0m
[0mGET /javascripts/snowstorm.js [33m404 [0m5.734 ms - 2010[0m
[0mGET /comments [32m200 [0m1.475 ms - 104[0m
[0mGET /lights/image/bulbs-32x32-top.png [32m200 [0m0.431 ms - 8910[0m
[0mGET /lights/sound/glass0.mp3 [32m206 [0m0.363 ms - 8149[0m
[0mGET /lights/sound/glass1.mp3 [32m206 [0m0.351 ms - 8985[0m
[0mGET /lights/sound/glass2.mp3 [32m206 [0m0.439 ms - 16416[0m
[0mGET /lights/sound/glass3.mp3 [32m206 [0m0.418 ms - 23730[0m
[0mGET /lights/sound/glass4.mp3 [32m206 [0m0.356 ms - 46111[0m
[0mGET /lights/sound/glass5.mp3 [32m206 [0m0.522 ms - 19008[0m
[0mGET /dance.gif [32m200 [0m0.461 ms - 331194[0m
[0mGET /giphy.gif [32m200 [0m0.861 ms - 609642[0m
[0mGET /Petalart-Christmas-Cookie-Christmas-cookie-tree.ico [32m200 [0m0.447 ms - 226425[0m
(node:27497) DeprecationWarning: Mongoose: mpromise (mongoose's default promise library) is deprecated, plug in your own promise library instead: http://mongoosejs.com/docs/promises.html
[0mPUT /comments/5a0e0855bc83796aecf69bc2/upvote [32m200 [0m18.315 ms - 102[0m
[0mGET /lights/image/bulbs-50x50-fragments.png [32m200 [0m0.443 ms - 9652[0m
[0mPOST /comments [32m200 [0m19.410 ms - 89[0m
[0mPUT /comments/5a0e17f876519d6b69ce0c06/upvote [32m200 [0m3.012 ms - 89[0m
[0mPUT /comments/5a0e17f876519d6b69ce0c06/upvote [32m200 [0m2.765 ms - 89[0m
[0mPUT /comments/5a0e17f876519d6b69ce0c06/upvote [32m200 [0m2.075 ms - 89[0m
[0mPUT /comments/5a0e17f876519d6b69ce0c06/upvote [32m200 [0m3.599 ms - 89[0m
[0mPUT /comments/5a0e17f876519d6b69ce0c06/upvote [32m200 [0m3.121 ms - 89[0m
[0mGET /lights/sound/glass4.mp3 [36m304 [0m0.305 ms - -[0m
[0mGET / [36m304 [0m0.546 ms - -[0m
[0mGET /javascripts/app.js [36m304 [0m0.515 ms - -[0m
[0mGET /stylesheets/style.css [36m304 [0m0.479 ms - -[0m
[0mGET /demo/demo_default.css [36m304 [0m0.162 ms - -[0m
[0mGET /javascripts/snowstorm.js [33m404 [0m5.352 ms - 2010[0m
[0mGET /lights/soundmanager2-nodebug-jsmin.js [36m304 [0m0.349 ms - -[0m
[0mGET /lights/christmaslights.js [36m304 [0m1.747 ms - -[0m
[0mGET /dance.gif [36m304 [0m0.209 ms - -[0m
[0mGET /giphy.gif [36m304 [0m0.232 ms - -[0m
[0mGET /javascripts/snowstorm.js [33m404 [0m5.623 ms - 2010[0m
[0mGET /comments [32m200 [0m1.686 ms - 194[0m
[0mGET /lights/sound/glass0.mp3 [36m304 [0m0.178 ms - -[0m
[0mGET /lights/sound/glass1.mp3 [36m304 [0m0.167 ms - -[0m
[0mGET /lights/sound/glass2.mp3 [36m304 [0m0.183 ms - -[0m
[0mGET /lights/sound/glass3.mp3 [36m304 [0m0.182 ms - -[0m
[0mGET /lights/sound/glass5.mp3 [36m304 [0m0.148 ms - -[0m
[0mGET /lights/image/bulbs-32x32-top.png [36m304 [0m0.183 ms - -[0m
[0mGET /Petalart-Christmas-Cookie-Christmas-cookie-tree.ico [32m200 [0m0.465 ms - 226425[0m
[0mGET /lights/image/bulbs-50x50-fragments.png [36m304 [0m0.273 ms - -[0m
[0mGET / [36m304 [0m0.273 ms - -[0m
[0mGET /javascripts/app.js [36m304 [0m0.272 ms - -[0m
[0mGET /stylesheets/style.css [36m304 [0m0.165 ms - -[0m
[0mGET /demo/demo_default.css [36m304 [0m0.208 ms - -[0m
[0mGET /javascripts/snowstorm.js [32m200 [0m0.359 ms - 21203[0m
[0mGET /lights/soundmanager2-nodebug-jsmin.js [36m304 [0m0.172 ms - -[0m
[0mGET /lights/christmaslights.js [36m304 [0m0.158 ms - -[0m
[0mGET /dance.gif [36m304 [0m0.206 ms - -[0m
[0mGET /giphy.gif [36m304 [0m0.231 ms - -[0m
[0mGET /comments [36m304 [0m1.831 ms - -[0m
[0mGET /lights/image/bulbs-32x32-top.png [36m304 [0m0.272 ms - -[0m
[0mGET /lights/sound/glass0.mp3 [36m304 [0m0.193 ms - -[0m
[0mGET /lights/sound/glass1.mp3 [36m304 [0m0.158 ms - -[0m
[0mGET /lights/sound/glass2.mp3 [36m304 [0m0.180 ms - -[0m
[0mGET /lights/sound/glass3.mp3 [36m304 [0m0.176 ms - -[0m
[0mGET /lights/sound/glass4.mp3 [36m304 [0m0.155 ms - -[0m
[0mGET /lights/sound/glass5.mp3 [36m304 [0m0.216 ms - -[0m
[0mGET /Petalart-Christmas-Cookie-Christmas-cookie-tree.ico [32m200 [0m0.451 ms - 226425[0m
[0mGET /lights/image/bulbs-50x50-fragments.png [36m304 [0m0.292 ms - -[0m
[0mGET / [36m304 [0m0.273 ms - -[0m
[0mGET /javascripts/app.js [36m304 [0m0.291 ms - -[0m
[0mGET /stylesheets/style.css [36m304 [0m0.173 ms - -[0m
[0mGET /demo/demo_default.css [36m304 [0m0.163 ms - -[0m
[0mGET /javascripts/snowstorm.js [32m200 [0m0.587 ms - 21203[0m
[0mGET /lights/soundmanager2-nodebug-jsmin.js [36m304 [0m0.459 ms - -[0m
[0mGET /lights/christmaslights.js [36m304 [0m0.178 ms - -[0m
[0mGET /dance.gif [36m304 [0m0.223 ms - -[0m
[0mGET /giphy.gif [36m304 [0m3.478 ms - -[0m
[0mGET /comments [32m200 [0m1.834 ms - 194[0m
[0mGET /lights/sound/glass0.mp3 [36m304 [0m0.548 ms - -[0m
[0mGET /lights/sound/glass1.mp3 [36m304 [0m0.580 ms - -[0m
[0mGET /lights/sound/glass3.mp3 [36m304 [0m0.424 ms - -[0m
[0mGET /lights/sound/glass2.mp3 [36m304 [0m0.423 ms - -[0m
[0mGET /lights/image/bulbs-32x32-top.png [36m304 [0m0.221 ms - -[0m
[0mGET /lights/sound/glass4.mp3 [36m304 [0m0.460 ms - -[0m
[0mGET /lights/sound/glass5.mp3 [36m304 [0m0.435 ms - -[0m
[0mGET /Petalart-Christmas-Cookie-Christmas-cookie-tree.ico [32m200 [0m0.825 ms - 226425[0m
